folosibilN -> 37
_size -> (1, 0)
folosibilN -> 37
_arr -> (2, 0)
[ -> 4
] -> 5
folosibil1 -> 38
_ok -> (3, 0)
=> -> 18
t -> 46
create -> 39
_size -> (4, 0)
create -> 39
_arr -> (5, 0)
[ -> 4
_size -> (6, 0)
] -> 5
folosibilN -> 37
_i -> (7, 1)
, -> 11
_count -> (8, 0)
=> -> 18
0 -> (9, 1)
, -> 11
0 -> (10, 1)
noStress -> 31
_i -> (11, 1)
? -> 9
0 -> (12, 1)
, -> 11
_size -> (13, 0)
: -> 8
notSure -> 29
=> -> 18
_ok -> (14, 0)
, -> 11
_arr -> (15, 0)
[ -> 4
_i -> (16, 1)
] -> 5
? -> 9
_ok -> (17, 0)
== -> 26
t -> 46
, -> 11
_arr -> (18, 0)
[ -> 4
_i -> (19, 1)
] -> 5
% -> 19
2 -> (20, 0)
== -> 26
0 -> (21, 1)
: -> 8
_count -> (22, 0)
++ -> 12
ecran -> 32
=> -> 18
'there are ' -> (23, 1)
+ -> 13
_count -> (24, 0)
+ -> 13
' even numbers' -> (25, 0)
